[Fri, 24. Feb 2023 00:04:02 GMT | ID 760616986568163348] Ooms: stop
[Fri, 24. Feb 2023 17:58:53 GMT | ID 760616986568163348] Ooms: stop
[Fri, 24. Feb 2023 18:05:21 GMT | ID 760616986568163348] Ooms: say hello
[Fri, 24. Feb 2023 18:07:56 GMT | ID 760616986568163348] Ooms: stop
[Fri, 24. Feb 2023 18:10:19 GMT | ID 760616986568163348] Ooms: stop
[Fri, 24. Feb 2023 18:28:06 GMT | ID 760616986568163348] Ooms: stop
[Fri, 24. Feb 2023 18:48:54 GMT | ID 760616986568163348] Ooms: reload
[Fri, 24. Feb 2023 18:48:54 GMT | ID 760616986568163348] Ooms: reload
[Fri, 24. Feb 2023 18:51:23 GMT | ID 760616986568163348] Ooms: sfsf
[Fri, 24. Feb 2023 18:51:28 GMT | ID 760616986568163348] Ooms: reload
[Fri, 24. Feb 2023 18:51:37 GMT | ID 760616986568163348] Ooms: f
[Fri, 24. Feb 2023 18:51:39 GMT | ID 760616986568163348] Ooms: f
[Fri, 24. Feb 2023 18:51:40 GMT | ID 760616986568163348] Ooms: f
[Fri, 24. Feb 2023 18:51:42 GMT | ID 760616986568163348] Ooms: reload
[Fri, 24. Feb 2023 18:52:00 GMT | ID 760616986568163348] Ooms: AAAAAAAAAAAAAAAAAAAAAAAAAAAAAAAAAAAAAAA
[Fri, 24. Feb 2023 18:52:00 GMT | ID 760616986568163348] Ooms: AAAAAAAAAAAAAAAAAAAAAAAAAAAAAAAAAAAAAAA
[Fri, 24. Feb 2023 18:52:02 GMT | ID 760616986568163348] Ooms: f
[Fri, 24. Feb 2023 18:52:02 GMT | ID 760616986568163348] Ooms: f
[Fri, 24. Feb 2023 18:52:03 GMT | ID 760616986568163348] Ooms: f
[Fri, 24. Feb 2023 18:52:03 GMT | ID 760616986568163348] Ooms: f
[Fri, 24. Feb 2023 18:52:04 GMT | ID 760616986568163348] Ooms: f
[Fri, 24. Feb 2023 18:52:04 GMT | ID 760616986568163348] Ooms: f
[Fri, 24. Feb 2023 18:52:05 GMT | ID 760616986568163348] Ooms: f
[Fri, 24. Feb 2023 18:52:06 GMT | ID 760616986568163348] Ooms: f
[Fri, 24. Feb 2023 18:52:07 GMT | ID 760616986568163348] Ooms: f
[Fri, 24. Feb 2023 18:52:08 GMT | ID 760616986568163348] Ooms: f
[Fri, 24. Feb 2023 18:52:08 GMT | ID 760616986568163348] Ooms: f
[Fri, 24. Feb 2023 18:52:09 GMT | ID 760616986568163348] Ooms: f
[Fri, 24. Feb 2023 18:52:09 GMT | ID 760616986568163348] Ooms: f
[Fri, 24. Feb 2023 18:52:10 GMT | ID 760616986568163348] Ooms: f
[Fri, 24. Feb 2023 18:52:10 GMT | ID 760616986568163348] Ooms: f
[Fri, 24. Feb 2023 18:52:11 GMT | ID 760616986568163348] Ooms: f
[Fri, 24. Feb 2023 18:52:16 GMT | ID 760616986568163348] Ooms: f
[Fri, 24. Feb 2023 18:52:17 GMT | ID 760616986568163348] Ooms: STOP
[Fri, 24. Feb 2023 18:52:17 GMT | ID 760616986568163348] Ooms: f
[Fri, 24. Feb 2023 18:52:18 GMT | ID 760616986568163348] Ooms: f
[Fri, 24. Feb 2023 18:52:19 GMT | ID 760616986568163348] Ooms: stop
[Fri, 24. Feb 2023 18:52:23 GMT | ID 760616986568163348] Ooms: f
[Fri, 24. Feb 2023 18:52:24 GMT | ID 760616986568163348] Ooms: STOP
